\BOOKMARK [1][-]{section.1}{\376\377\0001\000.\000\040\000M\000o\000t\000i\000v\000a\000t\000i\000o\000n\000/\000B\000a\000c\000k\000g\000r\000o\000u\000n\000d}{}% 1
\BOOKMARK [2][-]{section*.2}{\376\377\000L\000e\000c\000t\000u\000r\000e\000\040\0001}{section.1}% 2
\BOOKMARK [2][-]{section*.3}{\376\377\000L\000e\000c\000t\000u\000r\000e\000\040\0002}{section.1}% 3
\BOOKMARK [1][-]{section.2}{\376\377\0002\000.\000\040\000T\000h\000e\000\040\000F\000u\000n\000d\000a\000m\000e\000n\000t\000a\000l\000\040\000G\000r\000o\000u\000p}{}% 4
\BOOKMARK [2][-]{section*.4}{\376\377\000L\000e\000c\000t\000u\000r\000e\000\040\0003}{section.2}% 5
\BOOKMARK [2][-]{section*.5}{\376\377\000L\000e\000c\000t\000u\000r\000e\000\040\0004}{section.2}% 6
\BOOKMARK [1][-]{section.3}{\376\377\0003\000.\000\040\000C\000a\000t\000e\000g\000o\000r\000y\000\040\000t\000h\000e\000o\000r\000y}{}% 7
\BOOKMARK [1][-]{section.4}{\376\377\0004\000.\000\040\000F\000u\000n\000d\000a\000m\000e\000n\000t\000a\000l\000\040\000g\000r\000o\000u\000p\000o\000i\000d}{}% 8
\BOOKMARK [1][-]{section.5}{\376\377\0005\000.\000\040\000C\000o\000n\000s\000t\000r\000u\000c\000t\000i\000o\000n\000s}{}% 9
\BOOKMARK [2][-]{section*.6}{\376\377\000P\000r\000o\000d\000u\000c\000t\000s}{section.5}% 10
\BOOKMARK [2][-]{section*.7}{\376\377\000C\000o\000p\000r\000o\000d\000u\000c\000t\000s}{section.5}% 11
\BOOKMARK [2][-]{section*.8}{\376\377\000Q\000u\000o\000t\000i\000e\000n\000t\000s}{section.5}% 12
\BOOKMARK [2][-]{section*.9}{\376\377\000W\000e\000d\000g\000e\000\040\000S\000u\000m}{section.5}% 13
\BOOKMARK [2][-]{section*.10}{\376\377\000T\000h\000e\000\040\000S\000m\000a\000s\000h\000\040\000P\000r\000o\000d\000u\000c\000t}{section.5}% 14
\BOOKMARK [2][-]{section*.11}{\376\377\000T\000h\000e\000\040\000M\000a\000p\000p\000i\000n\000g\000\040\000S\000p\000a\000c\000e}{section.5}% 15
\BOOKMARK [2][-]{subsection.5.1}{\376\377\0005\000.\0001\000.\000\040\000C\000o\000f\000i\000b\000r\000a\000t\000i\000o\000n\000s}{section.5}% 16
\BOOKMARK [2][-]{subsection.5.2}{\376\377\0005\000.\0002\000.\000\040\000F\000i\000b\000r\000a\000t\000i\000o\000n\000s}{section.5}% 17
\BOOKMARK [1][-]{section.6}{\376\377\0006\000.\000\040\000V\000e\000c\000t\000o\000r\000\040\000f\000i\000e\000l\000d\000s\000\040\000o\000n\000\040\000s\000p\000h\000e\000r\000e\000s\000,\000\040\000a\000n\000d\000\040\000s\000o\000m\000e\000\040\000t\000h\000i\000n\000g\000s\000\040\000t\000o\000\040\000d\000o\000\040\000w\000i\000t\000h\000\040\000h\000o\000m\000o\000t\000o\000p\000y}{}% 18
\BOOKMARK [1][-]{section.7}{\376\377\0007\000.\000\040\000O\000p\000e\000r\000a\000t\000i\000o\000n\000s\000\040\000o\000n\000\040\000t\000o\000p\000o\000l\000o\000g\000i\000c\000a\000l\000\040\000s\000p\000a\000c\000e\000s}{}% 19
\BOOKMARK [2][-]{subsection.7.1}{\376\377\0007\000.\0001\000.\000\040\000H\000-\000s\000p\000a\000c\000e}{section.7}% 20
\BOOKMARK [1][-]{section.8}{\376\377\0008\000.\000\040\000C\000o\000v\000e\000r\000i\000n\000g\000\040\000s\000p\000a\000c\000e\000s\000\040\000a\000n\000d\000\040\000V\000e\000c\000t\000o\000r\000\040\000B\000u\000n\000d\000l\000e\000s}{}% 21
\BOOKMARK [1][-]{section.9}{\376\377\0009\000.\000\040\000A\000\040\000q\000u\000i\000c\000k\000\040\000d\000o\000s\000e\000\040\000o\000f\000\040\000g\000r\000o\000u\000p\000\040\000t\000h\000e\000o\000r\000y}{}% 22
\BOOKMARK [2][-]{subsection.9.1}{\376\377\0009\000.\0001\000.\000\040\000G\000r\000o\000u\000p\000\040\000t\000h\000e\000o\000r\000y}{section.9}% 23
\BOOKMARK [1][-]{section.10}{\376\377\0001\0000\000.\000\040\000H\000o\000m\000o\000t\000o\000p\000y\000\040\000g\000r\000o\000u\000p\000s}{}% 24
\BOOKMARK [2][-]{subsection.10.1}{\376\377\0001\0000\000.\0001\000.\000\040\000V\000a\000n\000\040\000K\000a\000m\000p\000e\000n}{section.10}% 25
\BOOKMARK [2][-]{subsection.10.2}{\376\377\0001\0000\000.\0002\000.\000\040\000f\000r\000e\000u\000d\000e\000n\000t\000h\000a\000l}{section.10}% 26
