\BOOKMARK [1][-]{section.1}{\376\377\0001\000.\000\040\000I\000n\000s\000t\000r\000u\000c\000t\000i\000o\000n\000s}{}% 1
\BOOKMARK [1][-]{section.2}{\376\377\0002\000.\000\040\000T\000o\000p\000i\000c\000s}{}% 2
\BOOKMARK [2][-]{subsection.2.1}{\376\377\0002\000.\0001\000.\000\040\000M\000o\000r\000e\000\040\000o\000f\000\040\000a\000\040\000t\000o\000p\000o\000l\000o\000g\000y\000\040\000f\000l\000a\000v\000o\000r}{section.2}% 3
\BOOKMARK [2][-]{section*.2}{\376\377\000C\000o\000n\000f\000i\000g\000u\000r\000a\000t\000i\000o\000n\000\040\000s\000p\000a\000c\000e\000s}{section.2}% 4
\BOOKMARK [2][-]{section*.3}{\376\377\000U\000n\000i\000v\000e\000r\000s\000a\000l\000\040\000c\000o\000v\000e\000r\000s\000\040\000a\000n\000d\000\040\000c\000o\000v\000e\000r\000i\000n\000g\000\040\000s\000p\000a\000c\000e\000s}{section.2}% 5
\BOOKMARK [2][-]{section*.4}{\376\377\000C\000o\000b\000o\000r\000d\000i\000s\000m\000\040\000o\000f\000\040\000m\000a\000n\000i\000f\000o\000l\000d\000s}{section.2}% 6
\BOOKMARK [2][-]{section*.5}{\376\377\000G\000r\000o\000u\000p\000\040\000a\000c\000t\000i\000o\000n\000s\000\040\000o\000n\000\040\000s\000p\000a\000c\000e\000s}{section.2}% 7
\BOOKMARK [2][-]{section*.6}{\376\377\000E\000x\000o\000t\000i\000c\000\040\000s\000p\000h\000e\000r\000e\000s}{section.2}% 8
\BOOKMARK [2][-]{section*.7}{\376\377\000L\000i\000e\000\040\000g\000r\000o\000u\000p\000s\000\040\000a\000n\000d\000\040\000L\000i\000e\000\040\000a\000l\000g\000e\000b\000r\000a\000s}{section.2}% 9
\BOOKMARK [2][-]{section*.8}{\376\377\000J\000a\000m\000e\000s\000\040\000s\000p\000l\000i\000t\000t\000i\000n\000g}{section.2}% 10
\BOOKMARK [2][-]{section*.9}{\376\377\000V\000e\000c\000t\000o\000r\000\040\000b\000u\000n\000d\000l\000e\000s\000\040\000a\000n\000d\000\040\000t\000o\000p\000o\000l\000o\000g\000i\000c\000a\000l\000\040\000K\000-\000t\000h\000e\000o\000r\000y}{section.2}% 11
\BOOKMARK [2][-]{subsection.2.2}{\376\377\0002\000.\0002\000.\000\040\000M\000o\000r\000e\000\040\000o\000f\000\040\000a\000n\000\040\000a\000l\000g\000e\000b\000r\000a\000\040\000f\000l\000a\000v\000o\000r}{section.2}% 12
\BOOKMARK [2][-]{section*.10}{\376\377\000H\000o\000m\000o\000l\000o\000g\000y\000\040\000a\000n\000d\000\040\000c\000o\000h\000o\000m\000o\000l\000o\000g\000y}{section.2}% 13
\BOOKMARK [2][-]{section*.11}{\376\377\000M\000a\000y\000e\000r\040\023\000V\000i\000e\000t\000o\000r\000i\000s}{section.2}% 14
\BOOKMARK [2][-]{section*.12}{\376\377\000T\000o\000p\000o\000l\000o\000g\000i\000c\000a\000l\000\040\000d\000a\000t\000a\000\040\000a\000n\000a\000l\000y\000s\000i\000s}{section.2}% 15
\BOOKMARK [2][-]{section*.13}{\376\377\000Q\000u\000a\000d\000r\000a\000t\000i\000c\000\040\000f\000o\000r\000m\000s\000,\000\040\000t\000h\000e\000\040\000G\000r\000o\000t\000h\000e\000n\000d\000i\000e\000c\000k\040\023\000W\000i\000t\000t\000\040\000r\000i\000n\000g\000,\000\040\000a\000n\000d\000\040\000M\000i\000l\000n\000o\000r\000\040\000K\000-\000t\000h\000e\000o\000r\000y}{section.2}% 16
\BOOKMARK [2][-]{section*.14}{\376\377\000T\000h\000e\000\040\000S\000t\000e\000e\000n\000r\000o\000d\000\040\000a\000l\000g\000e\000b\000r\000a}{section.2}% 17
\BOOKMARK [2][-]{subsection.2.3}{\376\377\0002\000.\0003\000.\000\040\000M\000o\000r\000e\000\040\000o\000f\000\040\000a\000\040\000C\000a\000t\000e\000g\000o\000r\000y\000\040\000T\000h\000e\000o\000r\000y\000\040\000f\000l\000a\000v\000o\000r}{section.2}% 18
\BOOKMARK [2][-]{section*.15}{\376\377\000M\000o\000d\000e\000l\000\040\000c\000a\000t\000e\000g\000o\000r\000i\000e\000s}{section.2}% 19
\BOOKMARK [2][-]{section*.16}{\376\377\000-\000c\000a\000t\000e\000g\000o\000r\000i\000e\000s}{section.2}% 20
\BOOKMARK [2][-]{section*.17}{\376\377\000K\000a\000n\000\040\000e\000x\000t\000e\000n\000s\000i\000o\000n\000s}{section.2}% 21
\BOOKMARK [2][-]{section*.18}{\376\377\000A\000b\000e\000l\000i\000a\000n\000\040\000c\000a\000t\000e\000g\000o\000r\000i\000e\000s}{section.2}% 22
\BOOKMARK [2][-]{section*.19}{\376\377\000S\000y\000m\000m\000e\000t\000r\000i\000c\000\040\000m\000o\000n\000o\000i\000d\000a\000l\000\040\000c\000a\000t\000e\000g\000o\000r\000i\000e\000s}{section.2}% 23
\BOOKMARK [2][-]{section*.20}{\376\377\000B\000r\000o\000w\000n\000'\000s\000\040\000r\000e\000p\000r\000e\000s\000e\000n\000t\000a\000b\000i\000l\000i\000t\000y}{section.2}% 24
\BOOKMARK [2][-]{section*.21}{\376\377\000O\000p\000e\000r\000a\000d\000s}{section.2}% 25
\BOOKMARK [2][-]{section*.22}{\376\377\000I\000n\000f\000i\000n\000i\000t\000e\000\040\000l\000o\000o\000p\000\040\000s\000p\000a\000c\000e\000s}{section.2}% 26
\BOOKMARK [2][-]{section*.23}{\376\377\000P\000o\000s\000t\000n\000i\000k\000o\000v\000\040\000t\000o\000w\000e\000r\000s\000\040\000a\000n\000d\000\040\000o\000b\000s\000t\000r\000u\000c\000t\000i\000o\000n\000\040\000t\000h\000e\000o\000r\000y}{section.2}% 27
